{"/home/p/Projects/CF/meet/src/App.jsx": {"path":"/home/p/Projects/CF/meet/src/App.jsx","statementMap":{"0":{"start":{"line":8,"column":12},"end":{"line":18,"column":1}},"1":{"start":{"line":9,"column":2},"end":{"line":17,"column":3}}},"fnMap":{"0":{"name":"(anonymous_0)","decl":{"start":{"line":8,"column":12},"end":{"line":8,"column":13}},"loc":{"start":{"line":8,"column":18},"end":{"line":18,"column":1}},"line":8}},"branchMap":{},"s":{"0":1,"1":3},"f":{"0":3},"b":{},"_coverageSchema":"1a1c01bbd47fc00a2c39e90264f33305004495a9","hash":"a93b21415dce97862d1914375f01741a29caa4b1"}
,"/home/p/Projects/CF/meet/src/api.js": {"path":"/home/p/Projects/CF/meet/src/api.js","statementMap":{"0":{"start":{"line":3,"column":32},"end":{"line":7,"column":1}},"1":{"start":{"line":4,"column":29},"end":{"line":4,"column":66}},"2":{"start":{"line":4,"column":51},"end":{"line":4,"column":65}},"3":{"start":{"line":5,"column":20},"end":{"line":5,"column":52}},"4":{"start":{"line":6,"column":2},"end":{"line":6,"column":19}},"5":{"start":{"line":10,"column":25},"end":{"line":12,"column":1}},"6":{"start":{"line":11,"column":2},"end":{"line":11,"column":18}}},"fnMap":{"0":{"name":"(anonymous_0)","decl":{"start":{"line":3,"column":32},"end":{"line":3,"column":33}},"loc":{"start":{"line":3,"column":44},"end":{"line":7,"column":1}},"line":3},"1":{"name":"(anonymous_1)","decl":{"start":{"line":4,"column":40},"end":{"line":4,"column":41}},"loc":{"start":{"line":4,"column":51},"end":{"line":4,"column":65}},"line":4},"2":{"name":"(anonymous_2)","decl":{"start":{"line":10,"column":25},"end":{"line":10,"column":26}},"loc":{"start":{"line":10,"column":37},"end":{"line":12,"column":1}},"line":10}},"branchMap":{},"s":{"0":3,"1":2,"2":70,"3":2,"4":2,"5":3,"6":4},"f":{"0":2,"1":70,"2":4},"b":{},"_coverageSchema":"1a1c01bbd47fc00a2c39e90264f33305004495a9","hash":"f633e11376549c3072de14dab28a7aaf6e36186d"}
,"/home/p/Projects/CF/meet/src/mock-data.js": {"path":"/home/p/Projects/CF/meet/src/mock-data.js","statementMap":{"0":{"start":{"line":3,"column":17},"end":{"line":1369,"column":2}}},"fnMap":{},"branchMap":{},"s":{"0":3},"f":{},"b":{},"_coverageSchema":"1a1c01bbd47fc00a2c39e90264f33305004495a9","hash":"222f6c390a6820fce007aa062779da372035fca3"}
,"/home/p/Projects/CF/meet/src/components/CitySearch.jsx": {"path":"/home/p/Projects/CF/meet/src/components/CitySearch.jsx","statementMap":{"0":{"start":{"line":3,"column":19},"end":{"line":44,"column":1}},"1":{"start":{"line":4,"column":50},"end":{"line":4,"column":65}},"2":{"start":{"line":5,"column":30},"end":{"line":5,"column":42}},"3":{"start":{"line":6,"column":42},"end":{"line":6,"column":54}},"4":{"start":{"line":7,"column":31},"end":{"line":15,"column":5}},"5":{"start":{"line":8,"column":22},"end":{"line":8,"column":40}},"6":{"start":{"line":9,"column":34},"end":{"line":11,"column":15}},"7":{"start":{"line":10,"column":12},"end":{"line":10,"column":76}},"8":{"start":{"line":13,"column":8},"end":{"line":13,"column":24}},"9":{"start":{"line":14,"column":8},"end":{"line":14,"column":42}},"10":{"start":{"line":16,"column":30},"end":{"line":20,"column":5}},"11":{"start":{"line":17,"column":22},"end":{"line":17,"column":46}},"12":{"start":{"line":18,"column":8},"end":{"line":18,"column":24}},"13":{"start":{"line":19,"column":8},"end":{"line":19,"column":34}},"14":{"start":{"line":21,"column":4},"end":{"line":43,"column":5}},"15":{"start":{"line":28,"column":31},"end":{"line":28,"column":55}},"16":{"start":{"line":34,"column":24},"end":{"line":34,"column":97}}},"fnMap":{"0":{"name":"(anonymous_0)","decl":{"start":{"line":3,"column":19},"end":{"line":3,"column":20}},"loc":{"start":{"line":3,"column":41},"end":{"line":44,"column":1}},"line":3},"1":{"name":"(anonymous_1)","decl":{"start":{"line":7,"column":31},"end":{"line":7,"column":32}},"loc":{"start":{"line":7,"column":42},"end":{"line":15,"column":5}},"line":7},"2":{"name":"(anonymous_2)","decl":{"start":{"line":9,"column":69},"end":{"line":9,"column":70}},"loc":{"start":{"line":9,"column":83},"end":{"line":11,"column":9}},"line":9},"3":{"name":"(anonymous_3)","decl":{"start":{"line":16,"column":30},"end":{"line":16,"column":31}},"loc":{"start":{"line":16,"column":41},"end":{"line":20,"column":5}},"line":16},"4":{"name":"(anonymous_4)","decl":{"start":{"line":28,"column":25},"end":{"line":28,"column":26}},"loc":{"start":{"line":28,"column":31},"end":{"line":28,"column":55}},"line":28},"5":{"name":"(anonymous_5)","decl":{"start":{"line":33,"column":37},"end":{"line":33,"column":38}},"loc":{"start":{"line":33,"column":53},"end":{"line":35,"column":21}},"line":33}},"branchMap":{"0":{"loc":{"start":{"line":9,"column":34},"end":{"line":11,"column":15}},"type":"cond-expr","locations":[{"start":{"line":9,"column":49},"end":{"line":11,"column":10}},{"start":{"line":11,"column":13},"end":{"line":11,"column":15}}],"line":9},"1":{"loc":{"start":{"line":31,"column":13},"end":{"line":40,"column":22}},"type":"cond-expr","locations":[{"start":{"line":32,"column":16},"end":{"line":39,"column":21}},{"start":{"line":40,"column":18},"end":{"line":40,"column":22}}],"line":31}},"s":{"0":2,"1":26,"2":26,"3":26,"4":26,"5":12,"6":12,"7":24,"8":12,"9":12,"10":26,"11":1,"12":1,"13":1,"14":26,"15":3,"16":12},"f":{"0":26,"1":12,"2":24,"3":1,"4":3,"5":12},"b":{"0":[12,0],"1":[15,11]},"_coverageSchema":"1a1c01bbd47fc00a2c39e90264f33305004495a9","hash":"e5cd7c97eaf84c826bdd16adc974f64fe2d0b935"}
,"/home/p/Projects/CF/meet/src/components/Event.jsx": {"path":"/home/p/Projects/CF/meet/src/components/Event.jsx","statementMap":{"0":{"start":{"line":4,"column":14},"end":{"line":24,"column":1}},"1":{"start":{"line":5,"column":42},"end":{"line":5,"column":57}},"2":{"start":{"line":7,"column":4},"end":{"line":23,"column":6}},"3":{"start":{"line":13,"column":35},"end":{"line":13,"column":63}}},"fnMap":{"0":{"name":"(anonymous_0)","decl":{"start":{"line":4,"column":14},"end":{"line":4,"column":15}},"loc":{"start":{"line":4,"column":29},"end":{"line":24,"column":1}},"line":4},"1":{"name":"(anonymous_1)","decl":{"start":{"line":13,"column":29},"end":{"line":13,"column":30}},"loc":{"start":{"line":13,"column":35},"end":{"line":13,"column":63}},"line":13}},"branchMap":{"0":{"loc":{"start":{"line":14,"column":17},"end":{"line":14,"column":62}},"type":"cond-expr","locations":[{"start":{"line":14,"column":31},"end":{"line":14,"column":45}},{"start":{"line":14,"column":48},"end":{"line":14,"column":62}}],"line":14},"1":{"loc":{"start":{"line":17,"column":13},"end":{"line":21,"column":13}},"type":"binary-expr","locations":[{"start":{"line":17,"column":13},"end":{"line":17,"column":24}},{"start":{"line":18,"column":16},"end":{"line":20,"column":22}}],"line":17}},"s":{"0":3,"1":45,"2":45,"3":3},"f":{"0":45,"1":3},"b":{"0":[2,43],"1":[45,2]},"_coverageSchema":"1a1c01bbd47fc00a2c39e90264f33305004495a9","hash":"3c9d34029398b38390c1700cdeee08b2f30906d1"}
,"/home/p/Projects/CF/meet/src/components/EventList.jsx": {"path":"/home/p/Projects/CF/meet/src/components/EventList.jsx","statementMap":{"0":{"start":{"line":4,"column":18},"end":{"line":10,"column":1}},"1":{"start":{"line":5,"column":4},"end":{"line":9,"column":6}},"2":{"start":{"line":7,"column":42},"end":{"line":7,"column":80}}},"fnMap":{"0":{"name":"(anonymous_0)","decl":{"start":{"line":4,"column":18},"end":{"line":4,"column":19}},"loc":{"start":{"line":4,"column":34},"end":{"line":10,"column":1}},"line":4},"1":{"name":"(anonymous_1)","decl":{"start":{"line":7,"column":33},"end":{"line":7,"column":34}},"loc":{"start":{"line":7,"column":42},"end":{"line":7,"column":80}},"line":7}},"branchMap":{"0":{"loc":{"start":{"line":7,"column":13},"end":{"line":7,"column":88}},"type":"cond-expr","locations":[{"start":{"line":7,"column":22},"end":{"line":7,"column":81}},{"start":{"line":7,"column":84},"end":{"line":7,"column":88}}],"line":7}},"s":{"0":2,"1":6,"2":35},"f":{"0":6,"1":35},"b":{"0":[1,5]},"_coverageSchema":"1a1c01bbd47fc00a2c39e90264f33305004495a9","hash":"4c6ab99fe14fea7eadd5520df2ea4aa1abe1a39e"}
,"/home/p/Projects/CF/meet/src/components/NumberOfEvents.jsx": {"path":"/home/p/Projects/CF/meet/src/components/NumberOfEvents.jsx","statementMap":{"0":{"start":{"line":3,"column":23},"end":{"line":22,"column":1}},"1":{"start":{"line":4,"column":46},"end":{"line":4,"column":58}},"2":{"start":{"line":6,"column":29},"end":{"line":9,"column":3}},"3":{"start":{"line":7,"column":18},"end":{"line":7,"column":36}},"4":{"start":{"line":8,"column":4},"end":{"line":8,"column":29}},"5":{"start":{"line":11,"column":2},"end":{"line":21,"column":4}}},"fnMap":{"0":{"name":"(anonymous_0)","decl":{"start":{"line":3,"column":23},"end":{"line":3,"column":24}},"loc":{"start":{"line":3,"column":29},"end":{"line":22,"column":1}},"line":3},"1":{"name":"(anonymous_1)","decl":{"start":{"line":6,"column":29},"end":{"line":6,"column":30}},"loc":{"start":{"line":6,"column":40},"end":{"line":9,"column":3}},"line":6}},"branchMap":{},"s":{"0":2,"1":10,"2":10,"3":4,"4":4,"5":10},"f":{"0":10,"1":4},"b":{},"_coverageSchema":"1a1c01bbd47fc00a2c39e90264f33305004495a9","hash":"a990ed1bb094a3f90ab890e214707962b1b926dc"}
}
