TN:
SF:src/App.jsx
FN:10,(anonymous_0)
FN:16,(anonymous_1)
FN:20,(anonymous_2)
FN:25,(anonymous_3)
FNF:4
FNH:4
FNDA:12,(anonymous_0)
FNDA:8,(anonymous_1)
FNDA:35,(anonymous_2)
FNDA:8,(anonymous_3)
DA:10,4
DA:11,12
DA:12,12
DA:13,12
DA:14,12
DA:16,12
DA:17,8
DA:18,8
DA:20,35
DA:21,8
DA:22,8
DA:25,12
DA:26,8
DA:29,12
LF:14
LH:14
BRDA:18,0,0,7
BRDA:18,0,1,1
BRF:2
BRH:2
end_of_record
TN:
SF:src/api.js
FN:3,(anonymous_0)
FN:4,(anonymous_1)
FN:10,(anonymous_2)
FNF:3
FNH:3
FNDA:11,(anonymous_0)
FNDA:385,(anonymous_1)
FNDA:14,(anonymous_2)
DA:3,5
DA:4,385
DA:5,11
DA:6,11
DA:10,5
DA:11,14
LF:6
LH:6
BRF:0
BRH:0
end_of_record
TN:
SF:src/mock-data.js
FNF:0
FNH:0
DA:3,5
LF:1
LH:1
BRF:0
BRH:0
end_of_record
TN:
SF:src/components/CitySearch.jsx
FN:3,(anonymous_0)
FN:7,(anonymous_1)
FN:9,(anonymous_2)
FN:16,(anonymous_3)
FN:22,(anonymous_4)
FN:32,(anonymous_5)
FN:37,(anonymous_6)
FNF:7
FNH:7
FNDA:57,(anonymous_0)
FNDA:18,(anonymous_1)
FNDA:36,(anonymous_2)
FNDA:2,(anonymous_3)
FNDA:17,(anonymous_4)
FNDA:5,(anonymous_5)
FNDA:26,(anonymous_6)
DA:3,4
DA:4,57
DA:5,57
DA:6,57
DA:7,57
DA:8,18
DA:9,18
DA:10,36
DA:13,18
DA:14,18
DA:16,57
DA:17,2
DA:18,2
DA:19,2
DA:20,2
DA:22,57
DA:23,17
DA:25,57
DA:32,5
DA:38,26
LF:20
LH:20
BRDA:9,0,0,18
BRDA:9,0,1,0
BRDA:35,1,0,23
BRDA:35,1,1,34
BRF:4
BRH:3
end_of_record
TN:
SF:src/components/Event.jsx
FN:4,(anonymous_0)
FN:13,(anonymous_1)
FNF:2
FNH:2
FNDA:190,(anonymous_0)
FNDA:3,(anonymous_1)
DA:4,5
DA:5,190
DA:7,190
DA:13,3
LF:4
LH:4
BRDA:14,0,0,2
BRDA:14,0,1,188
BRDA:17,1,0,190
BRDA:17,1,1,2
BRF:4
BRH:4
end_of_record
TN:
SF:src/components/EventList.jsx
FN:4,(anonymous_0)
FN:7,(anonymous_1)
FNF:2
FNH:2
FNDA:15,(anonymous_0)
FNDA:180,(anonymous_1)
DA:4,4
DA:5,15
DA:7,180
LF:3
LH:3
BRDA:7,0,0,13
BRDA:7,0,1,2
BRF:2
BRH:2
end_of_record
TN:
SF:src/components/NumberOfEvents.jsx
FN:3,(anonymous_0)
FN:6,(anonymous_1)
FNF:2
FNH:2
FNDA:19,(anonymous_0)
FNDA:4,(anonymous_1)
DA:3,4
DA:4,19
DA:6,19
DA:7,4
DA:10,4
DA:11,1
DA:13,3
DA:14,3
DA:17,4
DA:18,4
DA:21,19
LF:11
LH:11
BRDA:10,0,0,1
BRDA:10,0,1,3
BRDA:10,1,0,4
BRDA:10,1,1,4
BRF:4
BRH:4
end_of_record
